{
  "RSpec": {
    "coverage": {
      "/Users/matthewjames/Documents/environment/ruby-sinatra-practice/spec/Integration/cool_tool_test_spec.rb": [
        null,
        null,
        1,
        null,
        1,
        1,
        1,
        null,
        1,
        1,
        null,
        1,
        2,
        null,
        null,
        1,
        1,
        1,
        1,
        null,
        null,
        1,
        1,
        1,
        1,
        1,
        1,
        null,
        null
      ],
      "/Users/matthewjames/Documents/environment/ruby-sinatra-practice/cool_tool.rb": [
        null,
        null,
        null,
        null,
        1,
        null,
        1,
        1,
        null,
        null,
        1,
        1,
        1,
        1,
        1,
        1,
        1,
        null,
        null,
        null,
        1,
        1,
        null,
        1,
        21,
        21,
        21,
        21,
        null,
        null,
        1,
        12,
        null,
        null,
        1,
        19,
        null,
        null,
        1,
        13,
        null,
        null,
        1,
        16,
        16,
        16,
        null,
        null,
        1,
        12,
        6,
        6,
        1,
        5,
        1,
        null,
        4,
        null,
        null,
        null,
        1,
        12,
        1,
        null,
        11,
        null,
        null,
        null
      ],
      "/Users/matthewjames/Documents/environment/ruby-sinatra-practice/spec/cool_tool_spec.rb": [
        null,
        null,
        1,
        null,
        1,
        7,
        null,
        1,
        1,
        null,
        null,
        1,
        1,
        null,
        null,
        1,
        1,
        null,
        null,
        1,
        1,
        null,
        null,
        1,
        1,
        null,
        null,
        1,
        1,
        null,
        null,
        null,
        1,
        2,
        null,
        1,
        1,
        null,
        null,
        null,
        1,
        2,
        null,
        1,
        1,
        null,
        null,
        null,
        1,
        2,
        null,
        1,
        1,
        null,
        null,
        null,
        1,
        2,
        null,
        1,
        1,
        null,
        null,
        null,
        1,
        2,
        null,
        1,
        1,
        null,
        null,
        null,
        1,
        3,
        1,
        1,
        null,
        null,
        1,
        1,
        null,
        null,
        null,
        1,
        3,
        1,
        1,
        null,
        null,
        1,
        1,
        null,
        null,
        null,
        1,
        3,
        1,
        1,
        null,
        null,
        1,
        1,
        null,
        null,
        null,
        1,
        3,
        1,
        1,
        null,
        null,
        1,
        1,
        null,
        null,
        1,
        2,
        null,
        1,
        1,
        null,
        null
      ]
    },
    "timestamp": 1551795794
  }
}
